github.com/aristanetworks/goeapi/api/abstract.go:62:		Config				100.0%
github.com/aristanetworks/goeapi/api/abstract.go:69:		Error				0.0%
github.com/aristanetworks/goeapi/api/abstract.go:83:		GetBlock			100.0%
github.com/aristanetworks/goeapi/api/abstract.go:100:		Configure			100.0%
github.com/aristanetworks/goeapi/api/abstract.go:114:		CommandBuilder			100.0%
github.com/aristanetworks/goeapi/api/abstract.go:136:		ConfigureInterface		100.0%
github.com/aristanetworks/goeapi/api/acl.go:65:			Name				100.0%
github.com/aristanetworks/goeapi/api/acl.go:70:			Type				100.0%
github.com/aristanetworks/goeapi/api/acl.go:77:			Entries				100.0%
github.com/aristanetworks/goeapi/api/acl.go:82:			Action				100.0%
github.com/aristanetworks/goeapi/api/acl.go:87:			SrcAddr				100.0%
github.com/aristanetworks/goeapi/api/acl.go:92:			SrcLen				100.0%
github.com/aristanetworks/goeapi/api/acl.go:97:			Log				100.0%
github.com/aristanetworks/goeapi/api/acl.go:108:		Acl				100.0%
github.com/aristanetworks/goeapi/api/acl.go:115:		maskToPrefixlen			100.0%
github.com/aristanetworks/goeapi/api/acl.go:124:		prefixlenToMask			100.0%
github.com/aristanetworks/goeapi/api/acl.go:140:		Get				100.0%
github.com/aristanetworks/goeapi/api/acl.go:161:		GetAll				100.0%
github.com/aristanetworks/goeapi/api/acl.go:193:		parseEntries			94.1%
github.com/aristanetworks/goeapi/api/acl.go:238:		GetSection			100.0%
github.com/aristanetworks/goeapi/api/acl.go:263:		Create				100.0%
github.com/aristanetworks/goeapi/api/acl.go:280:		Delete				100.0%
github.com/aristanetworks/goeapi/api/acl.go:298:		Default				100.0%
github.com/aristanetworks/goeapi/api/acl.go:320:		UpdateEntry			100.0%
github.com/aristanetworks/goeapi/api/acl.go:351:		AddEntry			100.0%
github.com/aristanetworks/goeapi/api/acl.go:376:		RemoveEntry			100.0%
github.com/aristanetworks/goeapi/api/bgp.go:55:			BgpAs				100.0%
github.com/aristanetworks/goeapi/api/bgp.go:61:			RouterID			0.0%
github.com/aristanetworks/goeapi/api/bgp.go:67:			Shutdown			0.0%
github.com/aristanetworks/goeapi/api/bgp.go:73:			MaximumPaths			0.0%
github.com/aristanetworks/goeapi/api/bgp.go:79:			MaximumEcmpPaths		0.0%
github.com/aristanetworks/goeapi/api/bgp.go:91:			Bgp				100.0%
github.com/aristanetworks/goeapi/api/bgp.go:97:			Get				100.0%
github.com/aristanetworks/goeapi/api/bgp.go:114:		Neighbors			0.0%
github.com/aristanetworks/goeapi/api/bgp.go:122:		parseAS				80.0%
github.com/aristanetworks/goeapi/api/bgp.go:132:		parseRouterID			100.0%
github.com/aristanetworks/goeapi/api/bgp.go:148:		parseMaxPaths			100.0%
github.com/aristanetworks/goeapi/api/bgp.go:164:		parseShutdown			100.0%
github.com/aristanetworks/goeapi/api/bgp.go:176:		parseNetworks			100.0%
github.com/aristanetworks/goeapi/api/bgp.go:198:		GetSection			100.0%
github.com/aristanetworks/goeapi/api/bgp.go:209:		ConfigureBgp			80.0%
github.com/aristanetworks/goeapi/api/bgp.go:223:		Create				75.0%
github.com/aristanetworks/goeapi/api/bgp.go:233:		Delete				80.0%
github.com/aristanetworks/goeapi/api/bgp.go:244:		Default				80.0%
github.com/aristanetworks/goeapi/api/bgp.go:255:		SetRouterID			100.0%
github.com/aristanetworks/goeapi/api/bgp.go:264:		SetRouterIDDefault		100.0%
github.com/aristanetworks/goeapi/api/bgp.go:270:		SetMaximumPaths			100.0%
github.com/aristanetworks/goeapi/api/bgp.go:278:		SetMaximumPathsWithEcmp		100.0%
github.com/aristanetworks/goeapi/api/bgp.go:286:		SetMaximumPathsDefault		100.0%
github.com/aristanetworks/goeapi/api/bgp.go:293:		SetShutdown			100.0%
github.com/aristanetworks/goeapi/api/bgp.go:301:		SetShutdownDefault		100.0%
github.com/aristanetworks/goeapi/api/bgp.go:308:		AddNetworkWithRouteMap		100.0%
github.com/aristanetworks/goeapi/api/bgp.go:319:		AddNetwork			100.0%
github.com/aristanetworks/goeapi/api/bgp.go:326:		RemoveNetworkWithRouteMap	100.0%
github.com/aristanetworks/goeapi/api/bgp.go:337:		RemoveNetwork			100.0%
github.com/aristanetworks/goeapi/api/bgp.go:376:		BgpNeighbors			0.0%
github.com/aristanetworks/goeapi/api/bgp.go:382:		Get				0.0%
github.com/aristanetworks/goeapi/api/bgp.go:398:		GetAll				0.0%
github.com/aristanetworks/goeapi/api/bgp.go:424:		parsePeerGroup			0.0%
github.com/aristanetworks/goeapi/api/bgp.go:437:		parseRemoteAS			0.0%
github.com/aristanetworks/goeapi/api/bgp.go:449:		parseSendCommunity		0.0%
github.com/aristanetworks/goeapi/api/bgp.go:457:		parseShutdown			0.0%
github.com/aristanetworks/goeapi/api/bgp.go:466:		parseDescription		0.0%
github.com/aristanetworks/goeapi/api/bgp.go:478:		parseNextHopSelf		0.0%
github.com/aristanetworks/goeapi/api/bgp.go:487:		parseRouteMapIn			0.0%
github.com/aristanetworks/goeapi/api/bgp.go:500:		parseRouteMapOut		0.0%
github.com/aristanetworks/goeapi/api/bgp.go:512:		Create				0.0%
github.com/aristanetworks/goeapi/api/bgp.go:518:		Delete				0.0%
github.com/aristanetworks/goeapi/api/bgp.go:529:		Configure			0.0%
github.com/aristanetworks/goeapi/api/bgp.go:553:		CommandBuilder			0.0%
github.com/aristanetworks/goeapi/api/bgp.go:561:		SetPeerGroup			0.0%
github.com/aristanetworks/goeapi/api/bgp.go:572:		SetPeerGroupDefault		0.0%
github.com/aristanetworks/goeapi/api/bgp.go:583:		SetRemoteAS			0.0%
github.com/aristanetworks/goeapi/api/bgp.go:591:		SetRemoteASDefault		0.0%
github.com/aristanetworks/goeapi/api/bgp.go:599:		SetShutdown			0.0%
github.com/aristanetworks/goeapi/api/bgp.go:607:		SetShutdownDefault		0.0%
github.com/aristanetworks/goeapi/api/bgp.go:615:		SetSendCommunity		0.0%
github.com/aristanetworks/goeapi/api/bgp.go:623:		SetSendCommunityDefault		0.0%
github.com/aristanetworks/goeapi/api/bgp.go:631:		SetNextHopSelf			0.0%
github.com/aristanetworks/goeapi/api/bgp.go:639:		SetNextHopSelfDefault		0.0%
github.com/aristanetworks/goeapi/api/bgp.go:647:		SetRouteMapIn			0.0%
github.com/aristanetworks/goeapi/api/bgp.go:656:		SetRouteMapInDefault		0.0%
github.com/aristanetworks/goeapi/api/bgp.go:665:		SetRouteMapOut			0.0%
github.com/aristanetworks/goeapi/api/bgp.go:674:		SetRouteMapOutDefault		0.0%
github.com/aristanetworks/goeapi/api/bgp.go:682:		SetDescription			0.0%
github.com/aristanetworks/goeapi/api/bgp.go:690:		SetDescriptionDefault		0.0%
github.com/aristanetworks/goeapi/api/interfaces.go:68:		Interface			0.0%
github.com/aristanetworks/goeapi/api/interfaces.go:74:		isValidInterface		100.0%
github.com/aristanetworks/goeapi/api/interfaces.go:85:		Get				100.0%
github.com/aristanetworks/goeapi/api/interfaces.go:99:		parseShutdown			100.0%
github.com/aristanetworks/goeapi/api/interfaces.go:105:		parseDescription		100.0%
github.com/aristanetworks/goeapi/api/interfaces.go:115:		Create				0.0%
github.com/aristanetworks/goeapi/api/interfaces.go:120:		Delete				0.0%
github.com/aristanetworks/goeapi/api/interfaces.go:125:		Default				0.0%
github.com/aristanetworks/goeapi/api/interfaces.go:130:		SetDescription			0.0%
github.com/aristanetworks/goeapi/api/interfaces.go:136:		SetDescriptionDefault		0.0%
github.com/aristanetworks/goeapi/api/interfaces.go:143:		SetShutDown			0.0%
github.com/aristanetworks/goeapi/api/interfaces.go:149:		SetShutDownDefault		0.0%
github.com/aristanetworks/goeapi/api/interfaces.go:163:		Get				0.0%
github.com/aristanetworks/goeapi/api/interfaces.go:177:		parseSflow			0.0%
github.com/aristanetworks/goeapi/api/interfaces.go:184:		parseFlowControlSend		0.0%
github.com/aristanetworks/goeapi/api/interfaces.go:195:		parseFlowControlReceive		0.0%
github.com/aristanetworks/goeapi/api/interfaces.go:205:		Create				0.0%
github.com/aristanetworks/goeapi/api/interfaces.go:210:		Delete				0.0%
github.com/aristanetworks/goeapi/api/interfaces.go:215:		SetFlowcontrolSend		0.0%
github.com/aristanetworks/goeapi/api/interfaces.go:220:		SetFlowcontrolReceive		0.0%
github.com/aristanetworks/goeapi/api/interfaces.go:225:		SetFlowcontrol			0.0%
github.com/aristanetworks/goeapi/api/interfaces.go:240:		ClearFlowcontrol		0.0%
github.com/aristanetworks/goeapi/api/interfaces.go:250:		SetSflow			0.0%
github.com/aristanetworks/goeapi/api/interfaces.go:274:		PortChannel			100.0%
github.com/aristanetworks/goeapi/api/interfaces.go:280:		Get				100.0%
github.com/aristanetworks/goeapi/api/interfaces.go:294:		parseMinimumLinks		100.0%
github.com/aristanetworks/goeapi/api/interfaces.go:304:		getLacpMode			40.0%
github.com/aristanetworks/goeapi/api/interfaces.go:323:		getMembers			92.3%
github.com/aristanetworks/goeapi/api/interfaces.go:343:		SetMembers			0.0%
github.com/aristanetworks/goeapi/api/interfaces.go:372:		SetLacpMode			93.8%
github.com/aristanetworks/goeapi/api/interfaces.go:400:		SetMinimumLinks			100.0%
github.com/aristanetworks/goeapi/api/interfaces.go:414:		SetMinimumLinksDefault		100.0%
github.com/aristanetworks/goeapi/api/interfaces.go:449:		Vxlan				100.0%
github.com/aristanetworks/goeapi/api/interfaces.go:455:		Get				100.0%
github.com/aristanetworks/goeapi/api/interfaces.go:471:		parseSourceInterface		100.0%
github.com/aristanetworks/goeapi/api/interfaces.go:482:		parseMulticastGroup		100.0%
github.com/aristanetworks/goeapi/api/interfaces.go:493:		parseUDPPort			80.0%
github.com/aristanetworks/goeapi/api/interfaces.go:504:		parseVlans			90.9%
github.com/aristanetworks/goeapi/api/interfaces.go:544:		parseFloodList			100.0%
github.com/aristanetworks/goeapi/api/interfaces.go:555:		SetSourceInterface		100.0%
github.com/aristanetworks/goeapi/api/interfaces.go:565:		SetSourceInterfaceDefault	100.0%
github.com/aristanetworks/goeapi/api/interfaces.go:573:		SetMulticastGroup		100.0%
github.com/aristanetworks/goeapi/api/interfaces.go:583:		SetMulticastGroupDefault	100.0%
github.com/aristanetworks/goeapi/api/interfaces.go:589:		SetUDPPort			100.0%
github.com/aristanetworks/goeapi/api/interfaces.go:599:		SetUDPPortDefault		100.0%
github.com/aristanetworks/goeapi/api/interfaces.go:606:		AddVtepGlobalFlood		100.0%
github.com/aristanetworks/goeapi/api/interfaces.go:613:		AddVtepLocalFlood		100.0%
github.com/aristanetworks/goeapi/api/interfaces.go:619:		RemoveVtepGlobalFlood		100.0%
github.com/aristanetworks/goeapi/api/interfaces.go:626:		RemoveVtepLocalFlood		100.0%
github.com/aristanetworks/goeapi/api/interfaces.go:632:		UpdateVlan			100.0%
github.com/aristanetworks/goeapi/api/interfaces.go:639:		RemoveVlan			100.0%
github.com/aristanetworks/goeapi/api/ipinterfaces.go:54:	Name				100.0%
github.com/aristanetworks/goeapi/api/ipinterfaces.go:59:	Address				100.0%
github.com/aristanetworks/goeapi/api/ipinterfaces.go:64:	Mtu				100.0%
github.com/aristanetworks/goeapi/api/ipinterfaces.go:70:	IPInterface			100.0%
github.com/aristanetworks/goeapi/api/ipinterfaces.go:75:	isValidMtu			100.0%
github.com/aristanetworks/goeapi/api/ipinterfaces.go:98:	Get				100.0%
github.com/aristanetworks/goeapi/api/ipinterfaces.go:127:	GetAll				100.0%
github.com/aristanetworks/goeapi/api/ipinterfaces.go:154:	parseAddress			100.0%
github.com/aristanetworks/goeapi/api/ipinterfaces.go:173:	parseMtu			100.0%
github.com/aristanetworks/goeapi/api/ipinterfaces.go:185:	GetEthInterfaces		100.0%
github.com/aristanetworks/goeapi/api/ipinterfaces.go:218:	Create				100.0%
github.com/aristanetworks/goeapi/api/ipinterfaces.go:239:	Delete				100.0%
github.com/aristanetworks/goeapi/api/ipinterfaces.go:258:	SetAddress			100.0%
github.com/aristanetworks/goeapi/api/ipinterfaces.go:274:	SetAddressDefault		100.0%
github.com/aristanetworks/goeapi/api/ipinterfaces.go:291:	SetMtu				100.0%
github.com/aristanetworks/goeapi/api/ipinterfaces.go:308:	SetMtuDefault			100.0%
github.com/aristanetworks/goeapi/api/mlag.go:69:		DomainID			100.0%
github.com/aristanetworks/goeapi/api/mlag.go:75:		LocalInterface			100.0%
github.com/aristanetworks/goeapi/api/mlag.go:81:		PeerAddress			100.0%
github.com/aristanetworks/goeapi/api/mlag.go:87:		PeerLink			100.0%
github.com/aristanetworks/goeapi/api/mlag.go:92:		Shutdown			100.0%
github.com/aristanetworks/goeapi/api/mlag.go:98:		InterfaceConfig			100.0%
github.com/aristanetworks/goeapi/api/mlag.go:103:		isEqual				55.6%
github.com/aristanetworks/goeapi/api/mlag.go:128:		Mlag				100.0%
github.com/aristanetworks/goeapi/api/mlag.go:133:		Get				100.0%
github.com/aristanetworks/goeapi/api/mlag.go:141:		parseConfig			100.0%
github.com/aristanetworks/goeapi/api/mlag.go:159:		parseDomainID			100.0%
github.com/aristanetworks/goeapi/api/mlag.go:179:		parseLocalInterface		100.0%
github.com/aristanetworks/goeapi/api/mlag.go:198:		parsePeerAddress		100.0%
github.com/aristanetworks/goeapi/api/mlag.go:217:		parsePeerLink			100.0%
github.com/aristanetworks/goeapi/api/mlag.go:236:		parseShutdown			100.0%
github.com/aristanetworks/goeapi/api/mlag.go:251:		parseInterfaces			91.7%
github.com/aristanetworks/goeapi/api/mlag.go:280:		GetSection			75.0%
github.com/aristanetworks/goeapi/api/mlag.go:297:		ConfigureMlag			100.0%
github.com/aristanetworks/goeapi/api/mlag.go:310:		SetDomainID			100.0%
github.com/aristanetworks/goeapi/api/mlag.go:321:		SetDomainIDDefault		100.0%
github.com/aristanetworks/goeapi/api/mlag.go:332:		SetLocalInterface		100.0%
github.com/aristanetworks/goeapi/api/mlag.go:343:		SetLocalInterfaceDefault	100.0%
github.com/aristanetworks/goeapi/api/mlag.go:355:		SetPeerAddress			100.0%
github.com/aristanetworks/goeapi/api/mlag.go:366:		SetPeerAddressDefault		100.0%
github.com/aristanetworks/goeapi/api/mlag.go:379:		SetPeerLink			100.0%
github.com/aristanetworks/goeapi/api/mlag.go:390:		SetPeerLinkDefault		100.0%
github.com/aristanetworks/goeapi/api/mlag.go:400:		SetShutdown			100.0%
github.com/aristanetworks/goeapi/api/mlag.go:408:		SetShutdownDefault		100.0%
github.com/aristanetworks/goeapi/api/mlag.go:421:		SetMlagID			100.0%
github.com/aristanetworks/goeapi/api/mlag.go:441:		SetMlagIDDefault		100.0%
github.com/aristanetworks/goeapi/api/stp.go:51:			Stp				100.0%
github.com/aristanetworks/goeapi/api/stp.go:56:			Get				0.0%
github.com/aristanetworks/goeapi/api/stp.go:60:			Interfaces			100.0%
github.com/aristanetworks/goeapi/api/stp.go:68:			Instances			100.0%
github.com/aristanetworks/goeapi/api/stp.go:79:			SetMode				100.0%
github.com/aristanetworks/goeapi/api/stp.go:96:			STPInstance			100.0%
github.com/aristanetworks/goeapi/api/stp.go:130:		STPInterfaces			100.0%
github.com/aristanetworks/goeapi/api/stp.go:135:		Get				100.0%
github.com/aristanetworks/goeapi/api/stp.go:148:		GetAll				100.0%
github.com/aristanetworks/goeapi/api/stp.go:167:		parseBPDUGuard			100.0%
github.com/aristanetworks/goeapi/api/stp.go:174:		parsePortfast			100.0%
github.com/aristanetworks/goeapi/api/stp.go:181:		parsePortfastType		100.0%
github.com/aristanetworks/goeapi/api/stp.go:195:		ConfigureInterface		100.0%
github.com/aristanetworks/goeapi/api/stp.go:208:		SetPortfastType			100.0%
github.com/aristanetworks/goeapi/api/stp.go:227:		SetPortfast			100.0%
github.com/aristanetworks/goeapi/api/stp.go:234:		SetPortfastDefault		100.0%
github.com/aristanetworks/goeapi/api/stp.go:241:		SetBPDUGuard			100.0%
github.com/aristanetworks/goeapi/api/stp.go:252:		SetBPDUGuardDefault		100.0%
github.com/aristanetworks/goeapi/api/stp.go:258:		isValidStpInterface		100.0%
github.com/aristanetworks/goeapi/api/switchports.go:60:		Name				100.0%
github.com/aristanetworks/goeapi/api/switchports.go:65:		Mode				100.0%
github.com/aristanetworks/goeapi/api/switchports.go:70:		AccessVlan			100.0%
github.com/aristanetworks/goeapi/api/switchports.go:75:		TrunkNativeVlan			100.0%
github.com/aristanetworks/goeapi/api/switchports.go:80:		TrunkAllowedVlans		100.0%
github.com/aristanetworks/goeapi/api/switchports.go:86:		TrunkGroups			100.0%
github.com/aristanetworks/goeapi/api/switchports.go:92:		SwitchPort			100.0%
github.com/aristanetworks/goeapi/api/switchports.go:114:	Get				85.7%
github.com/aristanetworks/goeapi/api/switchports.go:140:	GetAll				100.0%
github.com/aristanetworks/goeapi/api/switchports.go:165:	GetSection			80.0%
github.com/aristanetworks/goeapi/api/switchports.go:181:	parseMode			100.0%
github.com/aristanetworks/goeapi/api/switchports.go:197:	parseTrunkGroups		100.0%
github.com/aristanetworks/goeapi/api/switchports.go:223:	parseAccessVlan			100.0%
github.com/aristanetworks/goeapi/api/switchports.go:240:	parseTrunkNativeVlan		100.0%
github.com/aristanetworks/goeapi/api/switchports.go:257:	parseTrunkAllowedVlans		100.0%
github.com/aristanetworks/goeapi/api/switchports.go:281:	Create				100.0%
github.com/aristanetworks/goeapi/api/switchports.go:304:	Delete				100.0%
github.com/aristanetworks/goeapi/api/switchports.go:325:	Default				100.0%
github.com/aristanetworks/goeapi/api/switchports.go:347:	SetMode				100.0%
github.com/aristanetworks/goeapi/api/switchports.go:362:	SetModeDefault			100.0%
github.com/aristanetworks/goeapi/api/switchports.go:378:	SetAccessVlan			100.0%
github.com/aristanetworks/goeapi/api/switchports.go:393:	SetAccessVlanDefault		100.0%
github.com/aristanetworks/goeapi/api/switchports.go:409:	SetTrunkNativeVlan		100.0%
github.com/aristanetworks/goeapi/api/switchports.go:425:	SetTrunkNativeVlanDefault	100.0%
github.com/aristanetworks/goeapi/api/switchports.go:441:	SetTrunkAllowedVlans		100.0%
github.com/aristanetworks/goeapi/api/switchports.go:456:	SetTrunkAllowedVlansDefault	100.0%
github.com/aristanetworks/goeapi/api/switchports.go:468:	SetTrunkGroups			85.7%
github.com/aristanetworks/goeapi/api/switchports.go:500:	SetTrunkGroupsDefault		100.0%
github.com/aristanetworks/goeapi/api/switchports.go:512:	AddTrunkGroup			100.0%
github.com/aristanetworks/goeapi/api/switchports.go:525:	RemoveTrunkGroup		100.0%
github.com/aristanetworks/goeapi/api/system.go:52:		HostName			100.0%
github.com/aristanetworks/goeapi/api/system.go:58:		IPRouting			100.0%
github.com/aristanetworks/goeapi/api/system.go:64:		System				100.0%
github.com/aristanetworks/goeapi/api/system.go:76:		Get				100.0%
github.com/aristanetworks/goeapi/api/system.go:89:		parseHostname			100.0%
github.com/aristanetworks/goeapi/api/system.go:102:		parseHostname			100.0%
github.com/aristanetworks/goeapi/api/system.go:113:		parseIPRouting			100.0%
github.com/aristanetworks/goeapi/api/system.go:125:		parseIPRouting			100.0%
github.com/aristanetworks/goeapi/api/system.go:141:		SetHostname			100.0%
github.com/aristanetworks/goeapi/api/system.go:155:		SetHostnameDefault		100.0%
github.com/aristanetworks/goeapi/api/system.go:171:		SetIPRouting			100.0%
github.com/aristanetworks/goeapi/api/users.go:88:		UserName			100.0%
github.com/aristanetworks/goeapi/api/users.go:94:		Privilege			100.0%
github.com/aristanetworks/goeapi/api/users.go:99:		Role				100.0%
github.com/aristanetworks/goeapi/api/users.go:105:		Nopassword			100.0%
github.com/aristanetworks/goeapi/api/users.go:111:		Format				100.0%
github.com/aristanetworks/goeapi/api/users.go:117:		Secret				100.0%
github.com/aristanetworks/goeapi/api/users.go:123:		SSHKey				100.0%
github.com/aristanetworks/goeapi/api/users.go:135:		User				100.0%
github.com/aristanetworks/goeapi/api/users.go:141:		isPrivilege			100.0%
github.com/aristanetworks/goeapi/api/users.go:146:		isEqual				83.3%
github.com/aristanetworks/goeapi/api/users.go:166:		Get				100.0%
github.com/aristanetworks/goeapi/api/users.go:178:		GetAll				88.9%
github.com/aristanetworks/goeapi/api/users.go:198:		GetSection			100.0%
github.com/aristanetworks/goeapi/api/users.go:213:		parseUsername			93.3%
github.com/aristanetworks/goeapi/api/users.go:256:		Create				80.0%
github.com/aristanetworks/goeapi/api/users.go:278:		CreateWithSecret		100.0%
github.com/aristanetworks/goeapi/api/users.go:297:		CreateWithNoPassword		100.0%
github.com/aristanetworks/goeapi/api/users.go:308:		Delete				100.0%
github.com/aristanetworks/goeapi/api/users.go:319:		Default				100.0%
github.com/aristanetworks/goeapi/api/users.go:332:		SetPrivilege			100.0%
github.com/aristanetworks/goeapi/api/users.go:347:		SetRole				100.0%
github.com/aristanetworks/goeapi/api/users.go:364:		SetSshkey			100.0%
github.com/aristanetworks/goeapi/api/version.go:56:		GetCmd				0.0%
github.com/aristanetworks/goeapi/api/version.go:157:		GetCmd				0.0%
github.com/aristanetworks/goeapi/api/version.go:170:		GetCmd				100.0%
github.com/aristanetworks/goeapi/api/version.go:181:		Show				100.0%
github.com/aristanetworks/goeapi/api/version.go:188:		ShowVersion			0.0%
github.com/aristanetworks/goeapi/api/version.go:200:		ShowInterfaces			0.0%
github.com/aristanetworks/goeapi/api/version.go:212:		ShowTrunkGroups			100.0%
github.com/aristanetworks/goeapi/api/vlans.go:64:		Vlan				100.0%
github.com/aristanetworks/goeapi/api/vlans.go:69:		findDiff			100.0%
github.com/aristanetworks/goeapi/api/vlans.go:90:		isVlan				100.0%
github.com/aristanetworks/goeapi/api/vlans.go:104:		Get				100.0%
github.com/aristanetworks/goeapi/api/vlans.go:120:		GetAll				100.0%
github.com/aristanetworks/goeapi/api/vlans.go:139:		GetSection			100.0%
github.com/aristanetworks/goeapi/api/vlans.go:156:		GetTrunkGroups			100.0%
github.com/aristanetworks/goeapi/api/vlans.go:175:		parseName			100.0%
github.com/aristanetworks/goeapi/api/vlans.go:195:		parseState			100.0%
github.com/aristanetworks/goeapi/api/vlans.go:215:		parseTrunkGroups		100.0%
github.com/aristanetworks/goeapi/api/vlans.go:241:		Create				100.0%
github.com/aristanetworks/goeapi/api/vlans.go:256:		Delete				100.0%
github.com/aristanetworks/goeapi/api/vlans.go:275:		Default				100.0%
github.com/aristanetworks/goeapi/api/vlans.go:291:		ConfigureVlan			100.0%
github.com/aristanetworks/goeapi/api/vlans.go:308:		SetName				100.0%
github.com/aristanetworks/goeapi/api/vlans.go:322:		SetNameDefault			100.0%
github.com/aristanetworks/goeapi/api/vlans.go:337:		SetState			100.0%
github.com/aristanetworks/goeapi/api/vlans.go:351:		SetStateDefault			100.0%
github.com/aristanetworks/goeapi/api/vlans.go:372:		SetTrunkGroup			81.8%
github.com/aristanetworks/goeapi/api/vlans.go:407:		SetTrunkGroupDefault		100.0%
github.com/aristanetworks/goeapi/api/vlans.go:422:		AddTrunkGroup			100.0%
github.com/aristanetworks/goeapi/api/vlans.go:439:		RemoveTrunkGroup		100.0%
github.com/aristanetworks/goeapi/client.go:66:			GetConnection			100.0%
github.com/aristanetworks/goeapi/client.go:81:			SetAutoRefresh			100.0%
github.com/aristanetworks/goeapi/client.go:91:			EnableAuthentication		100.0%
github.com/aristanetworks/goeapi/client.go:100:			RunningConfig			100.0%
github.com/aristanetworks/goeapi/client.go:113:			StartupConfig			100.0%
github.com/aristanetworks/goeapi/client.go:127:			refresh				100.0%
github.com/aristanetworks/goeapi/client.go:140:			GetHandle			100.0%
github.com/aristanetworks/goeapi/client.go:159:			GetHandle			100.0%
github.com/aristanetworks/goeapi/client.go:177:			GetConfig			87.5%
github.com/aristanetworks/goeapi/client.go:200:			GetSection			87.5%
github.com/aristanetworks/goeapi/client.go:243:			Config				100.0%
github.com/aristanetworks/goeapi/client.go:264:			Enable				92.3%
github.com/aristanetworks/goeapi/client.go:300:			runCommands			80.0%
github.com/aristanetworks/goeapi/client.go:337:			prependEnableSequence		0.0%
github.com/aristanetworks/goeapi/client.go:364:			CmdsToInterface			87.5%
github.com/aristanetworks/goeapi/client.go:408:			NewEapiConfig			100.0%
github.com/aristanetworks/goeapi/client.go:420:			NewEapiConfigFile		100.0%
github.com/aristanetworks/goeapi/client.go:435:			AutoLoad			100.0%
github.com/aristanetworks/goeapi/client.go:465:			Connections			85.7%
github.com/aristanetworks/goeapi/client.go:478:			Connections			100.0%
github.com/aristanetworks/goeapi/client.go:489:			Read				100.0%
github.com/aristanetworks/goeapi/client.go:507:			printConnections		0.0%
github.com/aristanetworks/goeapi/client.go:522:			Load				100.0%
github.com/aristanetworks/goeapi/client.go:536:			Reload				100.0%
github.com/aristanetworks/goeapi/client.go:563:			GetConnection			100.0%
github.com/aristanetworks/goeapi/client.go:588:			AddConnection			100.0%
github.com/aristanetworks/goeapi/client.go:597:			addDefaultConnection		100.0%
github.com/aristanetworks/goeapi/client.go:613:			LoadConfig			100.0%
github.com/aristanetworks/goeapi/client.go:629:			ConfigFor			100.0%
github.com/aristanetworks/goeapi/client.go:646:			ConnectTo			81.2%
github.com/aristanetworks/goeapi/client.go:690:			Connect				75.0%
github.com/aristanetworks/goeapi/client.go:719:			expandPath			100.0%
github.com/aristanetworks/goeapi/eapi.go:114:			debugJSON			0.0%
github.com/aristanetworks/goeapi/eapi.go:125:			debug				0.0%
github.com/aristanetworks/goeapi/eapi.go:135:			checkHandle			100.0%
github.com/aristanetworks/goeapi/eapi.go:147:			getNode				66.7%
github.com/aristanetworks/goeapi/eapi.go:156:			AddCommandStr			100.0%
github.com/aristanetworks/goeapi/eapi.go:177:			AddCommandStr			100.0%
github.com/aristanetworks/goeapi/eapi.go:183:			AddCommand			100.0%
github.com/aristanetworks/goeapi/eapi.go:190:			AddCommand			100.0%
github.com/aristanetworks/goeapi/eapi.go:197:			getAllCommands			75.0%
github.com/aristanetworks/goeapi/eapi.go:215:			PrintCommands			0.0%
github.com/aristanetworks/goeapi/eapi.go:227:			getCmdLen			100.0%
github.com/aristanetworks/goeapi/eapi.go:236:			clearCommands			100.0%
github.com/aristanetworks/goeapi/eapi.go:252:			Call				82.4%
github.com/aristanetworks/goeapi/eapi.go:289:			Enable				66.7%
github.com/aristanetworks/goeapi/eapi.go:299:			Close				100.0%
github.com/aristanetworks/goeapi/eapi.go:306:			Close				80.0%
github.com/aristanetworks/goeapi/eapi.go:318:			parseResponse			66.7%
github.com/aristanetworks/goeapi/eapi.go:350:			decodeEapiResponse		80.0%
github.com/aristanetworks/goeapi/eapi.go:361:			decodeEapiSocketResponse	0.0%
github.com/aristanetworks/goeapi/eapilib.go:76:			Execute				0.0%
github.com/aristanetworks/goeapi/eapilib.go:93:			Authentication			100.0%
github.com/aristanetworks/goeapi/eapilib.go:103:		getURL				75.0%
github.com/aristanetworks/goeapi/eapilib.go:112:		GetError			0.0%
github.com/aristanetworks/goeapi/eapilib.go:120:		ClearError			0.0%
github.com/aristanetworks/goeapi/eapilib.go:132:		buildJSONRequest		100.0%
github.com/aristanetworks/goeapi/eapilib.go:164:		NewSocketEapiConnection		0.0%
github.com/aristanetworks/goeapi/eapilib.go:177:		send				0.0%
github.com/aristanetworks/goeapi/eapilib.go:200:		Execute				0.0%
github.com/aristanetworks/goeapi/eapilib.go:237:		NewHTTPLocalEapiConnection	0.0%
github.com/aristanetworks/goeapi/eapilib.go:255:		send				0.0%
github.com/aristanetworks/goeapi/eapilib.go:278:		Execute				0.0%
github.com/aristanetworks/goeapi/eapilib.go:310:		NewHTTPEapiConnection		100.0%
github.com/aristanetworks/goeapi/eapilib.go:330:		send				69.2%
github.com/aristanetworks/goeapi/eapilib.go:371:		Execute				66.7%
github.com/aristanetworks/goeapi/eapilib.go:409:		NewHTTPSEapiConnection		0.0%
github.com/aristanetworks/goeapi/eapilib.go:432:		send				0.0%
github.com/aristanetworks/goeapi/eapilib.go:477:		Execute				0.0%
github.com/aristanetworks/goeapi/eapilib.go:490:		disableCertificateVerification	0.0%
github.com/aristanetworks/goeapi/eapilib.go:495:		enableCertificateVerification	0.0%
total:								(statements)			75.3%
